Covid19/app/build/intermediates/manifest_merge_blame_file/additionalDebug/manifest-merger-blame-additional-debug-report.txt
1<?xml version="1.0" encoding="utf-8"?>
2<manifest xmlns:android="http://schemas.android.com/apk/res/android"
3    package="pl.edu.pja.covid_19"
4    android:versionCode="1"
5    android:versionName="1.0" >
6
7    <uses-sdk
8        android:minSdkVersion="24"
9        android:targetSdkVersion="30" />
10
11    <application
11-->src\main\AndroidManifest.xml:5:5-19:19
12        android:allowBackup="true"
12-->src\main\AndroidManifest.xml:6:9-35
13        android:appComponentFactory="androidx.core.app.CoreComponentFactory"
13-->[androidx.core:core:1.3.2] AndroidManifest.xml:24:18-86
14        android:debuggable="true"
15        android:extractNativeLibs="false"
16        android:icon="@mipmap/ic_launcher"
16-->src\main\AndroidManifest.xml:7:9-43
17        android:label="@string/app_name"
17-->src\main\AndroidManifest.xml:8:9-41
18        android:roundIcon="@mipmap/ic_launcher_round"
18-->src\main\AndroidManifest.xml:9:9-54
19        android:supportsRtl="true"
19-->src\main\AndroidManifest.xml:10:9-35
20        android:testOnly="true"
21        android:theme="@style/Theme.Covid19" >
21-->src\main\AndroidManifest.xml:11:9-45
22        <activity
22-->src\additional\AndroidManifest.xml:4:9-14:20
23            android:name="pl.edu.pja.covid_19.AdditionalActivity"
23-->src\additional\AndroidManifest.xml:4:19-72
24            android:parentActivityName="pl.edu.pja.covid_19.MainActivity" >
24-->src\additional\AndroidManifest.xml:5:13-74
25            <intent-filter>
25-->src\additional\AndroidManifest.xml:6:13-13:29
26                <action android:name="android.intent.action.VIEW" />
26-->src\additional\AndroidManifest.xml:7:17-68
26-->src\additional\AndroidManifest.xml:7:25-66
27
28                <category android:name="android.intent.category.DEFAULT" />
28-->src\additional\AndroidManifest.xml:8:17-75
28-->src\additional\AndroidManifest.xml:8:27-73
29                <category android:name="android.intent.category.BROWSABLE" />
29-->src\additional\AndroidManifest.xml:9:17-77
29-->src\additional\AndroidManifest.xml:9:27-75
30
31                <data
31-->src\additional\AndroidManifest.xml:10:17-12:47
32                    android:host="pja.edu.pl"
32-->src\additional\AndroidManifest.xml:11:21-46
33                    android:path="/handwash"
33-->src\additional\AndroidManifest.xml:12:21-45
34                    android:scheme="https" />
34-->src\additional\AndroidManifest.xml:10:23-45
35            </intent-filter>
36        </activity>
37        <activity android:name="pl.edu.pja.covid_19.MainActivity" >
37-->src\main\AndroidManifest.xml:12:9-18:20
37-->src\main\AndroidManifest.xml:12:19-47
38            <intent-filter>
38-->src\main\AndroidManifest.xml:13:13-17:29
39                <action android:name="android.intent.action.MAIN" />
39-->src\main\AndroidManifest.xml:14:17-69
39-->src\main\AndroidManifest.xml:14:25-66
40
41                <category android:name="android.intent.category.LAUNCHER" />
41-->src\main\AndroidManifest.xml:16:17-77
41-->src\main\AndroidManifest.xml:16:27-74
42            </intent-filter>
43        </activity>
44    </application>
45
46</manifest>